e:\abdelrahman\mmu\year2\sem1\tds\project\school-management-system-project\school-management-system\school-management-system\x64\debug\vc143.pdb
e:\abdelrahman\mmu\year2\sem1\tds\project\school-management-system-project\school-management-system\school-management-system\x64\debug\vc143.idb
e:\abdelrahman\mmu\year2\sem1\tds\project\school-management-system-project\school-management-system\school-management-system\x64\debug\students.obj
e:\abdelrahman\mmu\year2\sem1\tds\project\school-management-system-project\school-management-system\school-management-system\x64\debug\main.obj
e:\abdelrahman\mmu\year2\sem1\tds\project\school-management-system-project\school-management-system\school-management-system\x64\debug\functions_implementation.obj
e:\abdelrahman\mmu\year2\sem1\tds\project\school-management-system-project\school-management-system\school-management-system\x64\debug\admins.obj
e:\abdelrahman\mmu\year2\sem1\tds\project\school-management-system-project\school-management-system\school-management-system\x64\debug\admin.obj
e:\abdelrahman\mmu\year2\sem1\tds\project\school-management-system-project\school-management-system\school-management-system\x64\debug\student.obj
e:\abdelrahman\mmu\year2\sem1\tds\project\school-management-system-project\school-management-system\school-management-system\x64\debug\teachers.obj
e:\abdelrahman\mmu\year2\sem1\tds\project\school-management-system-project\school-management-system\school-management-system\x64\debug\teacher.obj
e:\abdelrahman\mmu\year2\sem1\tds\project\school-management-system-project\school-management-system\school-management-system\x64\debug\subject.obj
e:\abdelrahman\mmu\year2\sem1\tds\project\school-management-system-project\school-management-system\school-management-system\x64\debug\subjects.obj
e:\abdelrahman\mmu\year2\sem1\tds\project\school-management-system-project\school-management-system\x64\debug\school-management-system.exe
e:\abdelrahman\mmu\year2\sem1\tds\project\school-management-system-project\school-management-system\x64\debug\school-management-system.pdb
e:\abdelrahman\mmu\year2\sem1\tds\project\school-management-system-project\school-management-system\school-management-system\x64\debug\school-management-system.ilk
e:\abdelrahman\mmu\year2\sem1\tds\project\school-management-system-project\school-management-system\school-management-system\x64\debug\linkedlist.obj
e:\abdelrahman\mmu\year2\sem1\tds\project\school-management-system-project\school-management-system\school-management-system\x64\debug\stack.obj
e:\abdelrahman\mmu\year2\sem1\tds\project\school-management-system-project\school-management-system\school-management-system\x64\debug\school-m.98681dda.tlog\cl.command.1.tlog
e:\abdelrahman\mmu\year2\sem1\tds\project\school-management-system-project\school-management-system\school-management-system\x64\debug\school-m.98681dda.tlog\cl.items.tlog
e:\abdelrahman\mmu\year2\sem1\tds\project\school-management-system-project\school-management-system\school-management-system\x64\debug\school-m.98681dda.tlog\cl.read.1.tlog
e:\abdelrahman\mmu\year2\sem1\tds\project\school-management-system-project\school-management-system\school-management-system\x64\debug\school-m.98681dda.tlog\cl.write.1.tlog
e:\abdelrahman\mmu\year2\sem1\tds\project\school-management-system-project\school-management-system\school-management-system\x64\debug\school-m.98681dda.tlog\link.command.1.tlog
e:\abdelrahman\mmu\year2\sem1\tds\project\school-management-system-project\school-management-system\school-management-system\x64\debug\school-m.98681dda.tlog\link.read.1.tlog
e:\abdelrahman\mmu\year2\sem1\tds\project\school-management-system-project\school-management-system\school-management-system\x64\debug\school-m.98681dda.tlog\link.secondary.1.tlog
e:\abdelrahman\mmu\year2\sem1\tds\project\school-management-system-project\school-management-system\school-management-system\x64\debug\school-m.98681dda.tlog\link.write.1.tlog
